
Showing logs for build [32mcb-kubecd-environment-pr-191-17-hhmcb-1[0m stage [32mfrom-build-pack[0m and container [32mstep-credential-initializer-8gckh[0m
{"level":"warn","ts":1585593448.0218987,"logger":"fallback-logger","caller":"logging/config.go:69","msg":"Fetch GitHub commit ID from kodata failed: \"ref: refs/heads/0.8.0-**-support-backwards-incompats\" is not a valid GitHub commit ID"}
{"level":"info","ts":1585593448.0225909,"logger":"fallback-logger","caller":"creds-init/main.go:40","msg":"Credentials initialized."}

Showing logs for build [32mcb-kubecd-environment-pr-191-17-hhmcb-1[0m stage [32mfrom-build-pack[0m and container [32mstep-working-dir-initializer-rxmbx[0m
{"level":"warn","ts":1585593449.3089445,"logger":"fallback-logger","caller":"logging/config.go:69","msg":"Fetch GitHub commit ID from kodata failed: open /var/run/ko/HEAD: no such file or directory"}
{"level":"info","ts":1585593449.3103123,"logger":"fallback-logger","caller":"bash/main.go:64","msg":"Successfully executed command \"sh -c mkdir -p /workspace/source\"; output "}

Showing logs for build [32mcb-kubecd-environment-pr-191-17-hhmcb-1[0m stage [32mfrom-build-pack[0m and container [32mstep-place-tools[0m

Showing logs for build [32mcb-kubecd-environment-pr-191-17-hhmcb-1[0m stage [32mfrom-build-pack[0m and container [32mstep-git-source-cb-kubecd-environment-pr-191-17-hhmcb-zxwft[0m
{"level":"warn","ts":1585593476.3857522,"logger":"fallback-logger","caller":"logging/config.go:69","msg":"Fetch GitHub commit ID from kodata failed: \"ref: refs/heads/0.8.0-**-support-backwards-incompats\" is not a valid GitHub commit ID"}
{"level":"info","ts":1585593477.5196884,"logger":"fallback-logger","caller":"git/git.go:103","msg":"Successfully cloned https://github.com/cb-kubecd/environment-pr-191-177-boot-gke-production.git @ master in path /workspace/source"}

Showing logs for build [32mcb-kubecd-environment-pr-191-17-hhmcb-1[0m stage [32mfrom-build-pack[0m and container [32mstep-git-merge[0m
Using SHAs from PULL_REFS=master:c4e2f5e57434e40b74a51fbcc520409df525e0a5,1:8c1c26db82b36477a1f11954813a4b73cd6d69ae
DEBUG: LC_ALL=C JX_LOG_LEVEL=error git fetch origin --unshallow 8c1c26db82b36477a1f11954813a4b73cd6d69ae: c4e2f5e57434e40b74a51fbcc520409df525e0a5:
DEBUG: ran git fetch --unshallow origin 8c1c26db82b36477a1f11954813a4b73cd6d69ae: c4e2f5e57434e40b74a51fbcc520409df525e0a5: in 
DEBUG: JX_LOG_LEVEL=error LC_ALL=C git branch
DEBUG: LC_ALL=C JX_LOG_LEVEL=error git checkout master
DEBUG: ran git checkout master in 
DEBUG: LC_ALL=C JX_LOG_LEVEL=error git reset --hard c4e2f5e57434e40b74a51fbcc520409df525e0a5
DEBUG: ran git reset --hard c4e2f5e57434e40b74a51fbcc520409df525e0a5 in 
DEBUG: LC_ALL=C JX_LOG_LEVEL=error git clean -fd .
DEBUG: ran clean --force -d . in 
DEBUG: LC_ALL=C JX_LOG_LEVEL=error git merge 8c1c26db82b36477a1f11954813a4b73cd6d69ae
DEBUG: ran git merge 8c1c26db82b36477a1f11954813a4b73cd6d69ae in 
DEBUG: LC_ALL=C JX_LOG_LEVEL=error git log --format=%H%x1f%an%x1f%ae%x1f%cn%x1f%ce%x1f%s%n%b%x1e c4e2f5e57434e40b74a51fbcc520409df525e0a5..HEAD
Merged SHA 8c1c26db82b36477a1f11954813a4b73cd6d69ae with commit message 'chore: Promote bdd-spring-1585592623 to version 0.0.1' into base branch master

Showing logs for build [32mcb-kubecd-environment-pr-191-17-hhmcb-1[0m stage [32mfrom-build-pack[0m and container [32mstep-build-helm-build[0m
WARNING: No $CHART_REPOSITORY defined so using the default value of: http://jenkins-x-chartmuseum:8080
Adding missing Helm repo: storage.googleapis.com https://storage.googleapis.com/chartmuseum.jenkins-x.io
WARNING: No secrets found on "helm/repos" due: reading the secret "helm/repos" from vault: no secret "helm/repos" not found in vault
Read credentials for https://storage.googleapis.com/chartmuseum.jenkins-x.io from vault helm/repos
Successfully added Helm repository storage.googleapis.com.
Adding missing Helm repo: jenkins-x-chartmuseum http://jenkins-x-chartmuseum:8080
WARNING: No secrets found on "helm/repos" due: reading the secret "helm/repos" from vault: no secret "helm/repos" not found in vault
Read credentials for http://jenkins-x-chartmuseum:8080 from vault helm/repos
Successfully added Helm repository jenkins-x-chartmuseum.
WARNING: No $CHART_REPOSITORY defined so using the default value of: http://jenkins-x-chartmuseum:8080
Adding missing Helm repo: chartmuseum.jenkins-x.io http://chartmuseum.jenkins-x.io
WARNING: No secrets found on "helm/repos" due: reading the secret "helm/repos" from vault: no secret "helm/repos" not found in vault
Read credentials for http://chartmuseum.jenkins-x.io from vault helm/repos
Successfully added Helm repository chartmuseum.jenkins-x.io.
